2021-07-07 00:10:27,452 — __main__ — <module> — INFO — 86 — 1995815632 — debut de MyChronoGPS_UBX
2021-07-07 00:10:27,482 — __main__ — activateGPS — INFO — 162 — 1995815632 — communication with /dev/ttyACM0 established at 115200 bauds
2021-07-07 00:10:27,483 — __main__ — __init__ — INFO — 140 — 1995815632 — GpsControl init complete
2021-07-07 00:10:27,484 — __main__ — changeFreq — INFO — 360 — 1995815632 — send command Set Rate to GPS
2021-07-07 00:10:28,046 — __main__ — run — INFO — 201 — 1984599136 — running:True
2021-07-07 00:10:30,488 — __main__ — changeFreq — INFO — 365 — 1995815632 — send command query Rate to GPS
2021-07-07 00:10:30,489 — __main__ — changeMessageOutput — INFO — 389 — 1995815632 — send command to GPS:[$PUBX,40,GSA,0,0,0,0,0,0*4E
]
2021-07-07 00:10:30,495 — __main__ — run — INFO — 201 — 1984599136 — running:True
2021-07-07 00:10:30,501 — __main__ — run — INFO — 201 — 1984599136 — running:True
2021-07-07 00:10:30,506 — __main__ — run — INFO — 201 — 1984599136 — running:True
2021-07-07 00:10:30,512 — __main__ — run — INFO — 201 — 1984599136 — running:True
2021-07-07 00:10:30,518 — __main__ — run — INFO — 201 — 1984599136 — running:True
2021-07-07 00:10:30,523 — __main__ — run — INFO — 201 — 1984599136 — running:True
2021-07-07 00:10:30,528 — __main__ — run — INFO — 201 — 1984599136 — running:True
2021-07-07 00:10:30,531 — __main__ — run — INFO — 201 — 1984599136 — running:True
2021-07-07 00:10:30,537 — __main__ — run — INFO — 201 — 1984599136 — running:True
2021-07-07 00:10:30,542 — __main__ — run — INFO — 201 — 1984599136 — running:True
2021-07-07 00:10:30,546 — __main__ — run — INFO — 201 — 1984599136 — running:True
2021-07-07 00:10:30,550 — __main__ — run — INFO — 201 — 1984599136 — running:True
2021-07-07 00:10:30,554 — __main__ — run — INFO — 201 — 1984599136 — running:True
2021-07-07 00:10:30,558 — __main__ — run — INFO — 201 — 1984599136 — running:True
2021-07-07 00:10:30,561 — __main__ — run — INFO — 201 — 1984599136 — running:True
2021-07-07 00:10:30,564 — __main__ — run — INFO — 201 — 1984599136 — running:True
2021-07-07 00:10:30,567 — __main__ — run — INFO — 201 — 1984599136 — running:True
2021-07-07 00:10:30,571 — __main__ — run — INFO — 201 — 1984599136 — running:True
2021-07-07 00:10:30,574 — __main__ — run — INFO — 201 — 1984599136 — running:True
2021-07-07 00:10:30,577 — __main__ — run — INFO — 201 — 1984599136 — running:True
2021-07-07 00:10:30,582 — __main__ — run — INFO — 201 — 1984599136 — running:True
2021-07-07 00:10:30,586 — __main__ — run — INFO — 201 — 1984599136 — running:True
2021-07-07 00:10:30,589 — __main__ — run — INFO — 201 — 1984599136 — running:True
2021-07-07 00:10:30,591 — __main__ — run — INFO — 201 — 1984599136 — running:True
2021-07-07 00:10:30,598 — __main__ — run — INFO — 201 — 1984599136 — running:True
2021-07-07 00:10:30,601 — __main__ — run — INFO — 201 — 1984599136 — running:True
2021-07-07 00:10:30,607 — __main__ — run — INFO — 201 — 1984599136 — running:True
2021-07-07 00:10:30,615 — __main__ — run — INFO — 201 — 1984599136 — running:True
2021-07-07 00:10:30,619 — __main__ — run — INFO — 201 — 1984599136 — running:True
2021-07-07 00:10:30,624 — __main__ — run — INFO — 201 — 1984599136 — running:True
2021-07-07 00:10:30,629 — __main__ — run — INFO — 201 — 1984599136 — running:True
2021-07-07 00:10:30,633 — __main__ — run — INFO — 201 — 1984599136 — running:True
2021-07-07 00:10:30,636 — __main__ — run — INFO — 201 — 1984599136 — running:True
2021-07-07 00:10:30,641 — __main__ — run — INFO — 201 — 1984599136 — running:True
2021-07-07 00:10:30,646 — __main__ — run — INFO — 201 — 1984599136 — running:True
2021-07-07 00:10:30,649 — __main__ — run — INFO — 201 — 1984599136 — running:True
2021-07-07 00:10:30,653 — __main__ — run — INFO — 201 — 1984599136 — running:True
2021-07-07 00:10:30,659 — __main__ — run — INFO — 201 — 1984599136 — running:True
2021-07-07 00:10:30,662 — __main__ — run — INFO — 201 — 1984599136 — running:True
2021-07-07 00:10:30,667 — __main__ — run — INFO — 201 — 1984599136 — running:True
2021-07-07 00:10:30,672 — __main__ — run — INFO — 201 — 1984599136 — running:True
2021-07-07 00:10:30,675 — __main__ — run — INFO — 201 — 1984599136 — running:True
2021-07-07 00:10:30,681 — __main__ — run — INFO — 201 — 1984599136 — running:True
2021-07-07 00:10:30,686 — __main__ — run — INFO — 201 — 1984599136 — running:True
2021-07-07 00:10:30,691 — __main__ — run — INFO — 201 — 1984599136 — running:True
2021-07-07 00:10:30,693 — __main__ — run — INFO — 201 — 1984599136 — running:True
2021-07-07 00:10:30,698 — __main__ — run — INFO — 201 — 1984599136 — running:True
2021-07-07 00:10:30,702 — __main__ — run — INFO — 201 — 1984599136 — running:True
2021-07-07 00:10:30,705 — __main__ — run — INFO — 201 — 1984599136 — running:True
2021-07-07 00:10:30,708 — __main__ — run — INFO — 201 — 1984599136 — running:True
2021-07-07 00:10:30,713 — __main__ — run — INFO — 201 — 1984599136 — running:True
2021-07-07 00:10:30,716 — __main__ — run — INFO — 201 — 1984599136 — running:True
2021-07-07 00:10:30,721 — __main__ — run — INFO — 201 — 1984599136 — running:True
2021-07-07 00:10:30,725 — __main__ — run — INFO — 201 — 1984599136 — running:True
2021-07-07 00:10:30,728 — __main__ — run — INFO — 201 — 1984599136 — running:True
2021-07-07 00:10:30,733 — __main__ — run — INFO — 201 — 1984599136 — running:True
2021-07-07 00:10:30,737 — __main__ — run — INFO — 201 — 1984599136 — running:True
2021-07-07 00:10:30,742 — __main__ — run — INFO — 201 — 1984599136 — running:True
2021-07-07 00:10:30,744 — __main__ — run — INFO — 201 — 1984599136 — running:True
2021-07-07 00:10:30,749 — __main__ — run — INFO — 201 — 1984599136 — running:True
2021-07-07 00:10:30,753 — __main__ — run — INFO — 201 — 1984599136 — running:True
2021-07-07 00:10:30,756 — __main__ — run — INFO — 201 — 1984599136 — running:True
2021-07-07 00:10:30,759 — __main__ — run — INFO — 201 — 1984599136 — running:True
2021-07-07 00:10:30,765 — __main__ — run — INFO — 201 — 1984599136 — running:True
2021-07-07 00:10:30,769 — __main__ — run — INFO — 201 — 1984599136 — running:True
2021-07-07 00:10:30,776 — __main__ — run — INFO — 201 — 1984599136 — running:True
2021-07-07 00:10:30,782 — __main__ — run — INFO — 201 — 1984599136 — running:True
2021-07-07 00:10:30,787 — __main__ — run — INFO — 201 — 1984599136 — running:True
2021-07-07 00:10:30,793 — __main__ — run — INFO — 201 — 1984599136 — running:True
2021-07-07 00:10:30,800 — __main__ — run — INFO — 201 — 1984599136 — running:True
2021-07-07 00:10:30,807 — __main__ — run — INFO — 201 — 1984599136 — running:True
2021-07-07 00:10:30,810 — __main__ — run — INFO — 201 — 1984599136 — running:True
2021-07-07 00:10:30,817 — __main__ — run — INFO — 201 — 1984599136 — running:True
2021-07-07 00:10:30,823 — __main__ — run — INFO — 201 — 1984599136 — running:True
2021-07-07 00:10:30,828 — __main__ — run — INFO — 201 — 1984599136 — running:True
2021-07-07 00:10:30,833 — __main__ — run — INFO — 201 — 1984599136 — running:True
2021-07-07 00:10:30,840 — __main__ — run — INFO — 201 — 1984599136 — running:True
2021-07-07 00:10:30,844 — __main__ — run — INFO — 201 — 1984599136 — running:True
2021-07-07 00:10:30,852 — __main__ — run — INFO — 201 — 1984599136 — running:True
2021-07-07 00:10:30,857 — __main__ — run — INFO — 201 — 1984599136 — running:True
2021-07-07 00:10:30,862 — __main__ — run — INFO — 201 — 1984599136 — running:True
2021-07-07 00:10:30,868 — __main__ — run — INFO — 201 — 1984599136 — running:True
2021-07-07 00:10:30,872 — __main__ — run — INFO — 201 — 1984599136 — running:True
2021-07-07 00:10:30,877 — __main__ — run — INFO — 201 — 1984599136 — running:True
2021-07-07 00:10:30,879 — __main__ — run — INFO — 201 — 1984599136 — running:True
2021-07-07 00:10:30,884 — __main__ — run — INFO — 201 — 1984599136 — running:True
2021-07-07 00:10:30,888 — __main__ — run — INFO — 201 — 1984599136 — running:True
2021-07-07 00:10:30,891 — __main__ — run — INFO — 201 — 1984599136 — running:True
2021-07-07 00:10:30,895 — __main__ — run — INFO — 201 — 1984599136 — running:True
2021-07-07 00:10:30,900 — __main__ — run — INFO — 201 — 1984599136 — running:True
2021-07-07 00:10:30,902 — __main__ — run — INFO — 201 — 1984599136 — running:True
2021-07-07 00:10:30,907 — __main__ — run — INFO — 201 — 1984599136 — running:True
2021-07-07 00:10:30,911 — __main__ — run — INFO — 201 — 1984599136 — running:True
2021-07-07 00:10:30,915 — __main__ — run — INFO — 201 — 1984599136 — running:True
2021-07-07 00:10:30,919 — __main__ — run — INFO — 201 — 1984599136 — running:True
2021-07-07 00:10:30,924 — __main__ — run — INFO — 201 — 1984599136 — running:True
2021-07-07 00:10:30,928 — __main__ — run — INFO — 201 — 1984599136 — running:True
2021-07-07 00:10:30,931 — __main__ — run — INFO — 201 — 1984599136 — running:True
2021-07-07 00:10:30,935 — __main__ — run — INFO — 201 — 1984599136 — running:True
2021-07-07 00:10:30,939 — __main__ — run — INFO — 201 — 1984599136 — running:True
2021-07-07 00:10:30,942 — __main__ — run — INFO — 201 — 1984599136 — running:True
2021-07-07 00:10:30,946 — __main__ — run — INFO — 201 — 1984599136 — running:True
2021-07-07 00:10:30,951 — __main__ — run — INFO — 201 — 1984599136 — running:True
2021-07-07 00:10:30,954 — __main__ — run — INFO — 201 — 1984599136 — running:True
2021-07-07 00:10:30,959 — __main__ — run — INFO — 201 — 1984599136 — running:True
2021-07-07 00:10:30,963 — __main__ — run — INFO — 201 — 1984599136 — running:True
2021-07-07 00:10:30,966 — __main__ — run — INFO — 201 — 1984599136 — running:True
2021-07-07 00:10:30,970 — __main__ — run — INFO — 201 — 1984599136 — running:True
2021-07-07 00:10:30,975 — __main__ — run — INFO — 201 — 1984599136 — running:True
2021-07-07 00:10:30,980 — __main__ — run — INFO — 201 — 1984599136 — running:True
2021-07-07 00:10:30,982 — __main__ — run — INFO — 201 — 1984599136 — running:True
2021-07-07 00:10:30,986 — __main__ — run — INFO — 201 — 1984599136 — running:True
2021-07-07 00:10:30,991 — __main__ — changeMessageOutput — INFO — 389 — 1995815632 — send command to GPS:[$PUBX,40,GSV,0,0,0,0,0,0*59
]
2021-07-07 00:10:30,991 — __main__ — run — INFO — 201 — 1984599136 — running:True
2021-07-07 00:10:30,995 — __main__ — run — INFO — 201 — 1984599136 — running:True
2021-07-07 00:10:30,999 — __main__ — run — INFO — 201 — 1984599136 — running:True
2021-07-07 00:10:31,006 — __main__ — run — INFO — 201 — 1984599136 — running:True
2021-07-07 00:10:31,009 — __main__ — run — INFO — 201 — 1984599136 — running:True
2021-07-07 00:10:31,015 — __main__ — run — INFO — 201 — 1984599136 — running:True
2021-07-07 00:10:31,020 — __main__ — run — INFO — 201 — 1984599136 — running:True
2021-07-07 00:10:31,024 — __main__ — run — INFO — 201 — 1984599136 — running:True
2021-07-07 00:10:31,029 — __main__ — run — INFO — 201 — 1984599136 — running:True
2021-07-07 00:10:31,034 — __main__ — run — INFO — 201 — 1984599136 — running:True
2021-07-07 00:10:31,039 — __main__ — run — INFO — 201 — 1984599136 — running:True
2021-07-07 00:10:31,041 — __main__ — run — INFO — 201 — 1984599136 — running:True
2021-07-07 00:10:31,046 — __main__ — run — INFO — 201 — 1984599136 — running:True
2021-07-07 00:10:31,052 — __main__ — run — INFO — 201 — 1984599136 — running:True
2021-07-07 00:10:31,055 — __main__ — run — INFO — 201 — 1984599136 — running:True
2021-07-07 00:10:31,059 — __main__ — run — INFO — 201 — 1984599136 — running:True
2021-07-07 00:10:31,065 — __main__ — run — INFO — 201 — 1984599136 — running:True
2021-07-07 00:10:31,068 — __main__ — run — INFO — 201 — 1984599136 — running:True
2021-07-07 00:10:31,074 — __main__ — run — INFO — 201 — 1984599136 — running:True
2021-07-07 00:10:31,079 — __main__ — run — INFO — 201 — 1984599136 — running:True
2021-07-07 00:10:31,084 — __main__ — run — INFO — 201 — 1984599136 — running:True
2021-07-07 00:10:31,089 — __main__ — run — INFO — 201 — 1984599136 — running:True
2021-07-07 00:10:31,092 — __main__ — run — INFO — 201 — 1984599136 — running:True
2021-07-07 00:10:31,097 — __main__ — run — INFO — 201 — 1984599136 — running:True
2021-07-07 00:10:31,102 — __main__ — run — INFO — 201 — 1984599136 — running:True
2021-07-07 00:10:31,106 — __main__ — run — INFO — 201 — 1984599136 — running:True
2021-07-07 00:10:31,110 — __main__ — run — INFO — 201 — 1984599136 — running:True
2021-07-07 00:10:31,115 — __main__ — run — INFO — 201 — 1984599136 — running:True
2021-07-07 00:10:31,119 — __main__ — run — INFO — 201 — 1984599136 — running:True
2021-07-07 00:10:31,124 — __main__ — run — INFO — 201 — 1984599136 — running:True
2021-07-07 00:10:31,129 — __main__ — run — INFO — 201 — 1984599136 — running:True
2021-07-07 00:10:31,134 — __main__ — run — INFO — 201 — 1984599136 — running:True
2021-07-07 00:10:31,139 — __main__ — run — INFO — 201 — 1984599136 — running:True
2021-07-07 00:10:31,142 — __main__ — run — INFO — 201 — 1984599136 — running:True
2021-07-07 00:10:31,147 — __main__ — run — INFO — 201 — 1984599136 — running:True
2021-07-07 00:10:31,152 — __main__ — run — INFO — 201 — 1984599136 — running:True
2021-07-07 00:10:31,156 — __main__ — run — INFO — 201 — 1984599136 — running:True
2021-07-07 00:10:31,161 — __main__ — run — INFO — 201 — 1984599136 — running:True
2021-07-07 00:10:31,223 — __main__ — run — INFO — 201 — 1984599136 — running:True
2021-07-07 00:10:31,248 — __main__ — run — INFO — 201 — 1984599136 — running:True
2021-07-07 00:10:31,251 — __main__ — run — INFO — 201 — 1984599136 — running:True
2021-07-07 00:10:31,256 — __main__ — run — INFO — 201 — 1984599136 — running:True
2021-07-07 00:10:31,445 — __main__ — run — INFO — 201 — 1984599136 — running:True
2021-07-07 00:10:31,448 — __main__ — run — INFO — 201 — 1984599136 — running:True
2021-07-07 00:10:31,454 — __main__ — run — INFO — 201 — 1984599136 — running:True
2021-07-07 00:10:31,459 — __main__ — run — INFO — 201 — 1984599136 — running:True
2021-07-07 00:10:31,493 — __main__ — changeMessageOutput — INFO — 389 — 1995815632 — send command to GPS:[$PUBX,40,GLL,0,0,0,0,0,0*5C
]
2021-07-07 00:10:31,647 — __main__ — run — INFO — 201 — 1984599136 — running:True
2021-07-07 00:10:31,650 — __main__ — run — INFO — 201 — 1984599136 — running:True
2021-07-07 00:10:31,656 — __main__ — run — INFO — 201 — 1984599136 — running:True
2021-07-07 00:10:31,842 — __main__ — run — INFO — 201 — 1984599136 — running:True
2021-07-07 00:10:31,845 — __main__ — run — INFO — 201 — 1984599136 — running:True
2021-07-07 00:10:31,850 — __main__ — run — INFO — 201 — 1984599136 — running:True
2021-07-07 00:10:31,995 — __main__ — changeMessageOutput — INFO — 389 — 1995815632 — send command to GPS:[$PUBX,40,VTG,0,0,0,0,0,0*5E
]
2021-07-07 00:10:32,045 — __main__ — run — INFO — 201 — 1984599136 — running:True
2021-07-07 00:10:32,051 — __main__ — run — INFO — 201 — 1984599136 — running:True
2021-07-07 00:10:32,246 — __main__ — run — INFO — 201 — 1984599136 — running:True
2021-07-07 00:10:32,252 — __main__ — run — INFO — 201 — 1984599136 — running:True
2021-07-07 00:10:32,444 — __main__ — run — INFO — 201 — 1984599136 — running:True
2021-07-07 00:10:32,450 — __main__ — run — INFO — 201 — 1984599136 — running:True
2021-07-07 00:10:32,497 — __main__ — changeMessageOutput — INFO — 389 — 1995815632 — send command to GPS:[$PUBX,40,TXT,0,0,0,0,0,0*43
]
2021-07-07 00:10:32,501 — __main__ — run — INFO — 201 — 1984599136 — running:True
2021-07-07 00:10:32,647 — __main__ — run — INFO — 201 — 1984599136 — running:True
2021-07-07 00:10:32,652 — __main__ — run — INFO — 201 — 1984599136 — running:True
2021-07-07 00:10:32,844 — __main__ — run — INFO — 201 — 1984599136 — running:True
2021-07-07 00:10:32,850 — __main__ — run — INFO — 201 — 1984599136 — running:True
2021-07-07 00:10:32,999 — __main__ — lire_fifo — INFO — 290 — 1974465632 — lire fifo GPS
2021-07-07 00:10:33,046 — __main__ — run — INFO — 201 — 1984599136 — running:True
2021-07-07 00:10:33,052 — __main__ — run — INFO — 201 — 1984599136 — running:True
2021-07-07 00:10:33,245 — __main__ — run — INFO — 201 — 1984599136 — running:True
2021-07-07 00:10:33,253 — __main__ — run — INFO — 201 — 1984599136 — running:True
2021-07-07 00:10:33,444 — __main__ — run — INFO — 201 — 1984599136 — running:True
2021-07-07 00:10:33,449 — __main__ — run — INFO — 201 — 1984599136 — running:True
2021-07-07 00:10:33,643 — __main__ — run — INFO — 201 — 1984599136 — running:True
2021-07-07 00:10:33,649 — __main__ — run — INFO — 201 — 1984599136 — running:True
2021-07-07 00:10:33,845 — __main__ — run — INFO — 201 — 1984599136 — running:True
2021-07-07 00:10:33,850 — __main__ — run — INFO — 201 — 1984599136 — running:True
2021-07-07 00:10:34,054 — __main__ — run — INFO — 201 — 1984599136 — running:True
2021-07-07 00:10:34,067 — __main__ — run — INFO — 201 — 1984599136 — running:True
2021-07-07 00:10:34,244 — __main__ — run — INFO — 201 — 1984599136 — running:True
2021-07-07 00:10:34,250 — __main__ — run — INFO — 201 — 1984599136 — running:True
2021-07-07 00:10:34,441 — __main__ — run — INFO — 201 — 1984599136 — running:True
2021-07-07 00:10:34,446 — __main__ — run — INFO — 201 — 1984599136 — running:True
2021-07-07 00:10:34,643 — __main__ — run — INFO — 201 — 1984599136 — running:True
2021-07-07 00:10:34,648 — __main__ — run — INFO — 201 — 1984599136 — running:True
2021-07-07 00:10:34,847 — __main__ — run — INFO — 201 — 1984599136 — running:True
2021-07-07 00:10:34,854 — __main__ — run — INFO — 201 — 1984599136 — running:True
2021-07-07 00:10:35,052 — __main__ — run — INFO — 201 — 1984599136 — running:True
2021-07-07 00:10:35,062 — __main__ — run — INFO — 201 — 1984599136 — running:True
2021-07-07 00:10:35,245 — __main__ — run — INFO — 201 — 1984599136 — running:True
2021-07-07 00:10:35,250 — __main__ — run — INFO — 201 — 1984599136 — running:True
2021-07-07 00:10:35,442 — __main__ — run — INFO — 201 — 1984599136 — running:True
2021-07-07 00:10:35,448 — __main__ — run — INFO — 201 — 1984599136 — running:True
2021-07-07 00:10:35,644 — __main__ — run — INFO — 201 — 1984599136 — running:True
2021-07-07 00:10:35,650 — __main__ — run — INFO — 201 — 1984599136 — running:True
2021-07-07 00:10:35,843 — __main__ — run — INFO — 201 — 1984599136 — running:True
2021-07-07 00:10:35,848 — __main__ — run — INFO — 201 — 1984599136 — running:True
2021-07-07 00:10:36,044 — __main__ — run — INFO — 201 — 1984599136 — running:True
2021-07-07 00:10:36,050 — __main__ — run — INFO — 201 — 1984599136 — running:True
2021-07-07 00:10:36,246 — __main__ — run — INFO — 201 — 1984599136 — running:True
2021-07-07 00:10:36,251 — __main__ — run — INFO — 201 — 1984599136 — running:True
2021-07-07 00:10:36,443 — __main__ — run — INFO — 201 — 1984599136 — running:True
2021-07-07 00:10:36,448 — __main__ — run — INFO — 201 — 1984599136 — running:True
2021-07-07 00:10:36,648 — __main__ — run — INFO — 201 — 1984599136 — running:True
2021-07-07 00:10:36,657 — __main__ — run — INFO — 201 — 1984599136 — running:True
2021-07-07 00:10:36,843 — __main__ — run — INFO — 201 — 1984599136 — running:True
2021-07-07 00:10:36,849 — __main__ — run — INFO — 201 — 1984599136 — running:True
2021-07-07 00:10:37,041 — __main__ — run — INFO — 201 — 1984599136 — running:True
2021-07-07 00:10:37,046 — __main__ — run — INFO — 201 — 1984599136 — running:True
2021-07-07 00:10:37,222 — __main__ — run — INFO — 201 — 1984599136 — running:True
2021-07-07 00:10:37,245 — __main__ — run — INFO — 201 — 1984599136 — running:True
2021-07-07 00:10:37,250 — __main__ — run — INFO — 201 — 1984599136 — running:True
2021-07-07 00:10:37,447 — __main__ — run — INFO — 201 — 1984599136 — running:True
2021-07-07 00:10:37,454 — __main__ — run — INFO — 201 — 1984599136 — running:True
2021-07-07 00:10:37,647 — __main__ — run — INFO — 201 — 1984599136 — running:True
2021-07-07 00:10:37,653 — __main__ — run — INFO — 201 — 1984599136 — running:True
2021-07-07 00:10:37,847 — __main__ — run — INFO — 201 — 1984599136 — running:True
2021-07-07 00:10:37,852 — __main__ — run — INFO — 201 — 1984599136 — running:True
2021-07-07 00:10:38,046 — __main__ — run — INFO — 201 — 1984599136 — running:True
2021-07-07 00:10:38,051 — __main__ — run — INFO — 201 — 1984599136 — running:True
2021-07-07 00:10:38,246 — __main__ — run — INFO — 201 — 1984599136 — running:True
2021-07-07 00:10:38,251 — __main__ — run — INFO — 201 — 1984599136 — running:True
2021-07-07 00:10:38,446 — __main__ — run — INFO — 201 — 1984599136 — running:True
2021-07-07 00:10:38,451 — __main__ — run — INFO — 201 — 1984599136 — running:True
2021-07-07 00:10:38,646 — __main__ — run — INFO — 201 — 1984599136 — running:True
2021-07-07 00:10:38,652 — __main__ — run — INFO — 201 — 1984599136 — running:True
2021-07-07 00:10:38,845 — __main__ — run — INFO — 201 — 1984599136 — running:True
2021-07-07 00:10:38,850 — __main__ — run — INFO — 201 — 1984599136 — running:True
2021-07-07 00:10:39,044 — __main__ — run — INFO — 201 — 1984599136 — running:True
2021-07-07 00:10:39,052 — __main__ — run — INFO — 201 — 1984599136 — running:True
2021-07-07 00:10:39,247 — __main__ — run — INFO — 201 — 1984599136 — running:True
2021-07-07 00:10:39,254 — __main__ — run — INFO — 201 — 1984599136 — running:True
2021-07-07 00:10:39,444 — __main__ — run — INFO — 201 — 1984599136 — running:True
2021-07-07 00:10:39,449 — __main__ — run — INFO — 201 — 1984599136 — running:True
2021-07-07 00:10:39,648 — __main__ — run — INFO — 201 — 1984599136 — running:True
2021-07-07 00:10:39,656 — __main__ — run — INFO — 201 — 1984599136 — running:True
2021-07-07 00:10:39,844 — __main__ — run — INFO — 201 — 1984599136 — running:True
2021-07-07 00:10:39,850 — __main__ — run — INFO — 201 — 1984599136 — running:True
2021-07-07 00:10:40,043 — __main__ — run — INFO — 201 — 1984599136 — running:True
2021-07-07 00:10:40,048 — __main__ — run — INFO — 201 — 1984599136 — running:True
2021-07-07 00:10:40,244 — __main__ — run — INFO — 201 — 1984599136 — running:True
2021-07-07 00:10:40,250 — __main__ — run — INFO — 201 — 1984599136 — running:True
2021-07-07 00:10:40,443 — __main__ — run — INFO — 201 — 1984599136 — running:True
2021-07-07 00:10:40,449 — __main__ — run — INFO — 201 — 1984599136 — running:True
2021-07-07 00:10:40,643 — __main__ — run — INFO — 201 — 1984599136 — running:True
2021-07-07 00:10:40,648 — __main__ — run — INFO — 201 — 1984599136 — running:True
2021-07-07 00:10:40,845 — __main__ — run — INFO — 201 — 1984599136 — running:True
2021-07-07 00:10:40,850 — __main__ — run — INFO — 201 — 1984599136 — running:True
2021-07-07 00:10:41,045 — __main__ — run — INFO — 201 — 1984599136 — running:True
2021-07-07 00:10:41,050 — __main__ — run — INFO — 201 — 1984599136 — running:True
2021-07-07 00:10:41,246 — __main__ — run — INFO — 201 — 1984599136 — running:True
2021-07-07 00:10:41,251 — __main__ — run — INFO — 201 — 1984599136 — running:True
2021-07-07 00:10:41,445 — __main__ — run — INFO — 201 — 1984599136 — running:True
2021-07-07 00:10:41,450 — __main__ — run — INFO — 201 — 1984599136 — running:True
2021-07-07 00:10:41,646 — __main__ — run — INFO — 201 — 1984599136 — running:True
2021-07-07 00:10:41,653 — __main__ — run — INFO — 201 — 1984599136 — running:True
2021-07-07 00:10:41,847 — __main__ — run — INFO — 201 — 1984599136 — running:True
2021-07-07 00:10:41,852 — __main__ — run — INFO — 201 — 1984599136 — running:True
2021-07-07 00:10:42,044 — __main__ — run — INFO — 201 — 1984599136 — running:True
2021-07-07 00:10:42,050 — __main__ — run — INFO — 201 — 1984599136 — running:True
2021-07-07 00:10:42,243 — __main__ — run — INFO — 201 — 1984599136 — running:True
2021-07-07 00:10:42,248 — __main__ — run — INFO — 201 — 1984599136 — running:True
2021-07-07 00:10:42,446 — __main__ — run — INFO — 201 — 1984599136 — running:True
2021-07-07 00:10:42,451 — __main__ — run — INFO — 201 — 1984599136 — running:True
2021-07-07 00:10:42,645 — __main__ — run — INFO — 201 — 1984599136 — running:True
2021-07-07 00:10:42,650 — __main__ — run — INFO — 201 — 1984599136 — running:True
2021-07-07 00:10:42,845 — __main__ — run — INFO — 201 — 1984599136 — running:True
2021-07-07 00:10:42,851 — __main__ — run — INFO — 201 — 1984599136 — running:True
2021-07-07 00:10:43,046 — __main__ — run — INFO — 201 — 1984599136 — running:True
2021-07-07 00:10:43,052 — __main__ — run — INFO — 201 — 1984599136 — running:True
2021-07-07 00:10:43,253 — __main__ — run — INFO — 201 — 1984599136 — running:True
2021-07-07 00:10:43,267 — __main__ — run — INFO — 201 — 1984599136 — running:True
2021-07-07 00:10:43,447 — __main__ — run — INFO — 201 — 1984599136 — running:True
2021-07-07 00:10:43,452 — __main__ — run — INFO — 201 — 1984599136 — running:True
2021-07-07 00:10:43,647 — __main__ — run — INFO — 201 — 1984599136 — running:True
2021-07-07 00:10:43,653 — __main__ — run — INFO — 201 — 1984599136 — running:True
2021-07-07 00:10:43,847 — __main__ — run — INFO — 201 — 1984599136 — running:True
2021-07-07 00:10:43,852 — __main__ — run — INFO — 201 — 1984599136 — running:True
2021-07-07 00:10:44,047 — __main__ — run — INFO — 201 — 1984599136 — running:True
2021-07-07 00:10:44,052 — __main__ — run — INFO — 201 — 1984599136 — running:True
2021-07-07 00:10:44,247 — __main__ — run — INFO — 201 — 1984599136 — running:True
2021-07-07 00:10:44,252 — __main__ — run — INFO — 201 — 1984599136 — running:True
2021-07-07 00:10:44,446 — __main__ — run — INFO — 201 — 1984599136 — running:True
2021-07-07 00:10:44,451 — __main__ — run — INFO — 201 — 1984599136 — running:True
2021-07-07 00:10:44,645 — __main__ — run — INFO — 201 — 1984599136 — running:True
2021-07-07 00:10:44,650 — __main__ — run — INFO — 201 — 1984599136 — running:True
2021-07-07 00:10:44,844 — __main__ — run — INFO — 201 — 1984599136 — running:True
2021-07-07 00:10:44,849 — __main__ — run — INFO — 201 — 1984599136 — running:True
2021-07-07 00:10:45,045 — __main__ — run — INFO — 201 — 1984599136 — running:True
2021-07-07 00:10:45,050 — __main__ — run — INFO — 201 — 1984599136 — running:True
2021-07-07 00:10:45,247 — __main__ — run — INFO — 201 — 1984599136 — running:True
2021-07-07 00:10:45,255 — __main__ — run — INFO — 201 — 1984599136 — running:True
2021-07-07 00:10:45,445 — __main__ — run — INFO — 201 — 1984599136 — running:True
2021-07-07 00:10:45,452 — __main__ — run — INFO — 201 — 1984599136 — running:True
2021-07-07 00:10:45,645 — __main__ — run — INFO — 201 — 1984599136 — running:True
2021-07-07 00:10:45,650 — __main__ — run — INFO — 201 — 1984599136 — running:True
2021-07-07 00:10:45,844 — __main__ — run — INFO — 201 — 1984599136 — running:True
2021-07-07 00:10:45,850 — __main__ — run — INFO — 201 — 1984599136 — running:True
2021-07-07 00:10:46,044 — __main__ — run — INFO — 201 — 1984599136 — running:True
2021-07-07 00:10:46,050 — __main__ — run — INFO — 201 — 1984599136 — running:True
2021-07-07 00:10:46,244 — __main__ — run — INFO — 201 — 1984599136 — running:True
2021-07-07 00:10:46,249 — __main__ — run — INFO — 201 — 1984599136 — running:True
2021-07-07 00:10:46,444 — __main__ — run — INFO — 201 — 1984599136 — running:True
2021-07-07 00:10:46,450 — __main__ — run — INFO — 201 — 1984599136 — running:True
2021-07-07 00:10:46,663 — __main__ — run — INFO — 201 — 1984599136 — running:True
2021-07-07 00:10:46,673 — __main__ — run — INFO — 201 — 1984599136 — running:True
2021-07-07 00:10:46,843 — __main__ — run — INFO — 201 — 1984599136 — running:True
2021-07-07 00:10:46,849 — __main__ — run — INFO — 201 — 1984599136 — running:True
2021-07-07 00:10:47,043 — __main__ — run — INFO — 201 — 1984599136 — running:True
2021-07-07 00:10:47,048 — __main__ — run — INFO — 201 — 1984599136 — running:True
2021-07-07 00:10:47,249 — __main__ — run — INFO — 201 — 1984599136 — running:True
2021-07-07 00:10:47,260 — __main__ — run — INFO — 201 — 1984599136 — running:True
2021-07-07 00:10:47,443 — __main__ — run — INFO — 201 — 1984599136 — running:True
2021-07-07 00:10:47,451 — __main__ — run — INFO — 201 — 1984599136 — running:True
2021-07-07 00:10:47,645 — __main__ — run — INFO — 201 — 1984599136 — running:True
2021-07-07 00:10:47,650 — __main__ — run — INFO — 201 — 1984599136 — running:True
2021-07-07 00:10:47,845 — __main__ — run — INFO — 201 — 1984599136 — running:True
2021-07-07 00:10:47,851 — __main__ — run — INFO — 201 — 1984599136 — running:True
2021-07-07 00:10:48,046 — __main__ — run — INFO — 201 — 1984599136 — running:True
2021-07-07 00:10:48,054 — __main__ — run — INFO — 201 — 1984599136 — running:True
2021-07-07 00:10:48,251 — __main__ — run — INFO — 201 — 1984599136 — running:True
2021-07-07 00:10:48,261 — __main__ — run — INFO — 201 — 1984599136 — running:True
2021-07-07 00:10:48,445 — __main__ — run — INFO — 201 — 1984599136 — running:True
2021-07-07 00:10:48,451 — __main__ — run — INFO — 201 — 1984599136 — running:True
2021-07-07 00:10:48,645 — __main__ — run — INFO — 201 — 1984599136 — running:True
2021-07-07 00:10:48,650 — __main__ — run — INFO — 201 — 1984599136 — running:True
2021-07-07 00:10:48,845 — __main__ — run — INFO — 201 — 1984599136 — running:True
2021-07-07 00:10:48,850 — __main__ — run — INFO — 201 — 1984599136 — running:True
2021-07-07 00:10:49,046 — __main__ — run — INFO — 201 — 1984599136 — running:True
2021-07-07 00:10:49,052 — __main__ — run — INFO — 201 — 1984599136 — running:True
2021-07-07 00:10:49,244 — __main__ — run — INFO — 201 — 1984599136 — running:True
2021-07-07 00:10:49,250 — __main__ — run — INFO — 201 — 1984599136 — running:True
2021-07-07 00:10:49,444 — __main__ — run — INFO — 201 — 1984599136 — running:True
2021-07-07 00:10:49,450 — __main__ — run — INFO — 201 — 1984599136 — running:True
2021-07-07 00:10:49,645 — __main__ — run — INFO — 201 — 1984599136 — running:True
2021-07-07 00:10:49,650 — __main__ — run — INFO — 201 — 1984599136 — running:True
2021-07-07 00:10:49,845 — __main__ — run — INFO — 201 — 1984599136 — running:True
2021-07-07 00:10:49,852 — __main__ — run — INFO — 201 — 1984599136 — running:True
2021-07-07 00:10:50,043 — __main__ — run — INFO — 201 — 1984599136 — running:True
2021-07-07 00:10:50,050 — __main__ — run — INFO — 201 — 1984599136 — running:True
2021-07-07 00:10:50,246 — __main__ — run — INFO — 201 — 1984599136 — running:True
2021-07-07 00:10:50,251 — __main__ — run — INFO — 201 — 1984599136 — running:True
2021-07-07 00:10:50,445 — __main__ — run — INFO — 201 — 1984599136 — running:True
2021-07-07 00:10:50,450 — __main__ — run — INFO — 201 — 1984599136 — running:True
2021-07-07 00:10:50,644 — __main__ — run — INFO — 201 — 1984599136 — running:True
2021-07-07 00:10:50,649 — __main__ — run — INFO — 201 — 1984599136 — running:True
2021-07-07 00:10:50,855 — __main__ — run — INFO — 201 — 1984599136 — running:True
2021-07-07 00:10:50,866 — __main__ — run — INFO — 201 — 1984599136 — running:True
2021-07-07 00:10:51,045 — __main__ — run — INFO — 201 — 1984599136 — running:True
2021-07-07 00:10:51,051 — __main__ — run — INFO — 201 — 1984599136 — running:True
2021-07-07 00:10:51,246 — __main__ — run — INFO — 201 — 1984599136 — running:True
2021-07-07 00:10:51,251 — __main__ — run — INFO — 201 — 1984599136 — running:True
2021-07-07 00:10:51,445 — __main__ — run — INFO — 201 — 1984599136 — running:True
2021-07-07 00:10:51,451 — __main__ — run — INFO — 201 — 1984599136 — running:True
2021-07-07 00:10:51,645 — __main__ — run — INFO — 201 — 1984599136 — running:True
2021-07-07 00:10:51,651 — __main__ — run — INFO — 201 — 1984599136 — running:True
2021-07-07 00:10:51,848 — __main__ — run — INFO — 201 — 1984599136 — running:True
2021-07-07 00:10:51,855 — __main__ — run — INFO — 201 — 1984599136 — running:True
2021-07-07 00:10:52,044 — __main__ — run — INFO — 201 — 1984599136 — running:True
2021-07-07 00:10:52,050 — __main__ — run — INFO — 201 — 1984599136 — running:True
2021-07-07 00:10:52,246 — __main__ — run — INFO — 201 — 1984599136 — running:True
2021-07-07 00:10:52,251 — __main__ — run — INFO — 201 — 1984599136 — running:True
2021-07-07 00:10:52,445 — __main__ — run — INFO — 201 — 1984599136 — running:True
2021-07-07 00:10:52,452 — __main__ — run — INFO — 201 — 1984599136 — running:True
2021-07-07 00:10:52,641 — __main__ — run — INFO — 201 — 1984599136 — running:True
2021-07-07 00:10:52,646 — __main__ — run — INFO — 201 — 1984599136 — running:True
2021-07-07 00:10:52,843 — __main__ — run — INFO — 201 — 1984599136 — running:True
2021-07-07 00:10:52,848 — __main__ — run — INFO — 201 — 1984599136 — running:True
2021-07-07 00:10:53,044 — __main__ — run — INFO — 201 — 1984599136 — running:True
2021-07-07 00:10:53,049 — __main__ — run — INFO — 201 — 1984599136 — running:True
2021-07-07 00:10:53,247 — __main__ — run — INFO — 201 — 1984599136 — running:True
2021-07-07 00:10:53,254 — __main__ — run — INFO — 201 — 1984599136 — running:True
2021-07-07 00:10:53,446 — __main__ — run — INFO — 201 — 1984599136 — running:True
2021-07-07 00:10:53,454 — __main__ — run — INFO — 201 — 1984599136 — running:True
2021-07-07 00:10:53,646 — __main__ — run — INFO — 201 — 1984599136 — running:True
2021-07-07 00:10:53,659 — __main__ — run — INFO — 201 — 1984599136 — running:True
2021-07-07 00:10:53,845 — __main__ — run — INFO — 201 — 1984599136 — running:True
2021-07-07 00:10:53,850 — __main__ — run — INFO — 201 — 1984599136 — running:True
2021-07-07 00:10:54,046 — __main__ — run — INFO — 201 — 1984599136 — running:True
2021-07-07 00:10:54,057 — __main__ — run — INFO — 201 — 1984599136 — running:True
2021-07-07 00:10:54,248 — __main__ — run — INFO — 201 — 1984599136 — running:True
2021-07-07 00:10:54,255 — __main__ — run — INFO — 201 — 1984599136 — running:True
2021-07-07 00:10:54,449 — __main__ — run — INFO — 201 — 1984599136 — running:True
2021-07-07 00:10:54,458 — __main__ — run — INFO — 201 — 1984599136 — running:True
2021-07-07 00:10:54,645 — __main__ — run — INFO — 201 — 1984599136 — running:True
2021-07-07 00:10:54,650 — __main__ — run — INFO — 201 — 1984599136 — running:True
2021-07-07 00:10:54,844 — __main__ — run — INFO — 201 — 1984599136 — running:True
2021-07-07 00:10:54,850 — __main__ — run — INFO — 201 — 1984599136 — running:True
2021-07-07 00:10:55,045 — __main__ — run — INFO — 201 — 1984599136 — running:True
2021-07-07 00:10:55,051 — __main__ — run — INFO — 201 — 1984599136 — running:True
2021-07-07 00:10:55,243 — __main__ — run — INFO — 201 — 1984599136 — running:True
2021-07-07 00:10:55,250 — __main__ — run — INFO — 201 — 1984599136 — running:True
2021-07-07 00:10:55,448 — __main__ — run — INFO — 201 — 1984599136 — running:True
2021-07-07 00:10:55,457 — __main__ — run — INFO — 201 — 1984599136 — running:True
2021-07-07 00:10:55,644 — __main__ — run — INFO — 201 — 1984599136 — running:True
2021-07-07 00:10:55,649 — __main__ — run — INFO — 201 — 1984599136 — running:True
2021-07-07 00:10:55,842 — __main__ — run — INFO — 201 — 1984599136 — running:True
2021-07-07 00:10:55,848 — __main__ — run — INFO — 201 — 1984599136 — running:True
2021-07-07 00:10:56,043 — __main__ — run — INFO — 201 — 1984599136 — running:True
2021-07-07 00:10:56,049 — __main__ — run — INFO — 201 — 1984599136 — running:True
2021-07-07 00:10:56,245 — __main__ — run — INFO — 201 — 1984599136 — running:True
2021-07-07 00:10:56,250 — __main__ — run — INFO — 201 — 1984599136 — running:True
2021-07-07 00:10:56,444 — __main__ — run — INFO — 201 — 1984599136 — running:True
2021-07-07 00:10:56,450 — __main__ — run — INFO — 201 — 1984599136 — running:True
2021-07-07 00:10:56,645 — __main__ — run — INFO — 201 — 1984599136 — running:True
2021-07-07 00:10:56,650 — __main__ — run — INFO — 201 — 1984599136 — running:True
2021-07-07 00:10:56,844 — __main__ — run — INFO — 201 — 1984599136 — running:True
2021-07-07 00:10:56,850 — __main__ — run — INFO — 201 — 1984599136 — running:True
2021-07-07 00:10:57,047 — __main__ — run — INFO — 201 — 1984599136 — running:True
2021-07-07 00:10:57,053 — __main__ — run — INFO — 201 — 1984599136 — running:True
2021-07-07 00:10:57,246 — __main__ — run — INFO — 201 — 1984599136 — running:True
2021-07-07 00:10:57,251 — __main__ — run — INFO — 201 — 1984599136 — running:True
2021-07-07 00:10:57,445 — __main__ — run — INFO — 201 — 1984599136 — running:True
2021-07-07 00:10:57,451 — __main__ — run — INFO — 201 — 1984599136 — running:True
2021-07-07 00:10:57,645 — __main__ — run — INFO — 201 — 1984599136 — running:True
2021-07-07 00:10:57,650 — __main__ — run — INFO — 201 — 1984599136 — running:True
2021-07-07 00:10:57,841 — __main__ — run — INFO — 201 — 1984599136 — running:True
2021-07-07 00:10:57,846 — __main__ — run — INFO — 201 — 1984599136 — running:True
2021-07-07 00:10:58,045 — __main__ — run — INFO — 201 — 1984599136 — running:True
2021-07-07 00:10:58,051 — __main__ — run — INFO — 201 — 1984599136 — running:True
2021-07-07 00:10:58,245 — __main__ — run — INFO — 201 — 1984599136 — running:True
2021-07-07 00:10:58,251 — __main__ — run — INFO — 201 — 1984599136 — running:True
2021-07-07 00:10:58,447 — __main__ — run — INFO — 201 — 1984599136 — running:True
2021-07-07 00:10:58,452 — __main__ — run — INFO — 201 — 1984599136 — running:True
2021-07-07 00:10:58,646 — __main__ — run — INFO — 201 — 1984599136 — running:True
2021-07-07 00:10:58,651 — __main__ — run — INFO — 201 — 1984599136 — running:True
2021-07-07 00:10:58,845 — __main__ — run — INFO — 201 — 1984599136 — running:True
2021-07-07 00:10:58,850 — __main__ — run — INFO — 201 — 1984599136 — running:True
2021-07-07 00:10:59,046 — __main__ — run — INFO — 201 — 1984599136 — running:True
2021-07-07 00:10:59,051 — __main__ — run — INFO — 201 — 1984599136 — running:True
2021-07-07 00:10:59,246 — __main__ — run — INFO — 201 — 1984599136 — running:True
2021-07-07 00:10:59,252 — __main__ — run — INFO — 201 — 1984599136 — running:True
2021-07-07 00:10:59,461 — __main__ — run — INFO — 201 — 1984599136 — running:True
2021-07-07 00:10:59,471 — __main__ — run — INFO — 201 — 1984599136 — running:True
2021-07-07 00:10:59,647 — __main__ — run — INFO — 201 — 1984599136 — running:True
2021-07-07 00:10:59,653 — __main__ — run — INFO — 201 — 1984599136 — running:True
2021-07-07 00:10:59,846 — __main__ — run — INFO — 201 — 1984599136 — running:True
2021-07-07 00:10:59,851 — __main__ — run — INFO — 201 — 1984599136 — running:True
2021-07-07 00:11:00,045 — __main__ — run — INFO — 201 — 1984599136 — running:True
2021-07-07 00:11:00,050 — __main__ — run — INFO — 201 — 1984599136 — running:True
2021-07-07 00:11:00,248 — __main__ — run — INFO — 201 — 1984599136 — running:True
2021-07-07 00:11:00,253 — __main__ — run — INFO — 201 — 1984599136 — running:True
2021-07-07 00:11:00,447 — __main__ — run — INFO — 201 — 1984599136 — running:True
2021-07-07 00:11:00,458 — __main__ — run — INFO — 201 — 1984599136 — running:True
2021-07-07 00:11:00,645 — __main__ — run — INFO — 201 — 1984599136 — running:True
2021-07-07 00:11:00,651 — __main__ — run — INFO — 201 — 1984599136 — running:True
2021-07-07 00:11:00,846 — __main__ — run — INFO — 201 — 1984599136 — running:True
2021-07-07 00:11:00,851 — __main__ — run — INFO — 201 — 1984599136 — running:True
2021-07-07 00:11:00,928 — __main__ — lire_fifo — INFO — 293 — 1974465632 — message:[EEEEE]
2021-07-07 00:11:00,928 — __main__ — lire_fifo — INFO — 295 — 1974465632 — commande:[E]
2021-07-07 00:11:00,929 — __main__ — lire_fifo — INFO — 311 — 1974465632 — gps stop
2021-07-07 00:11:01,630 — __main__ — stop — INFO — 211 — 1974465632 — stop gps, activ:False
2021-07-07 00:11:02,032 — __main__ — <module> — INFO — 528 — 1995815632 — gps not False
2021-07-07 00:11:02,033 — __main__ — stop — INFO — 211 — 1995815632 — stop gps, activ:False
2021-07-07 00:11:02,033 — __main__ — <module> — INFO — 531 — 1995815632 — gpscmd not False
2021-07-07 00:11:02,034 — __main__ — stop — INFO — 211 — 1995815632 — stop gps, activ:False
2021-07-07 00:11:02,132 — __main__ — run — INFO — 287 — 1974465632 — end of GpsCommand Thread of GPS program
