2021-08-07 12:38:40,909 — MyChronoGPS_NMEA — <module> — INFO — 70 — 1995487952 — start of MyChronoGPS_NMEA
2021-08-07 12:38:40,912 — MyChronoGPS_NMEA — __init__ — INFO — 381 — 1995487952 — TrackerControl init complete
2021-08-07 12:38:40,913 — MyChronoGPS_NMEA — __init__ — INFO — 124 — 1995487952 — GpsTrackerMode=1
2021-08-07 12:38:40,913 — MyChronoGPS_NMEA — __init__ — INFO — 133 — 1995487952 — track_mode=1
2021-08-07 12:38:40,914 — MyChronoGPS_NMEA — __init__ — INFO — 141 — 1995487952 — precision=100000.0
2021-08-07 12:38:40,914 — MyChronoGPS_NMEA — __init__ — INFO — 146 — 1995487952 — NmeaControl init complete
2021-08-07 12:38:41,100 — MyChronoGPS_NMEA — start — INFO — 388 — 1984324704 — tracker file open
2021-08-07 12:43:47,178 — MyChronoGPS_NMEA — read — INFO — 357 — 1974465632 — try to read GPSDATA fifo
2021-08-07 12:43:47,180 — MyChronoGPS_NMEA — remove_fifo — INFO — 160 — 1984324704 — fifo GPSDATA is beeing removed
2021-08-07 13:56:00,268 — MyChronoGPS_NMEA — <module> — INFO — 70 — 1995983568 — start of MyChronoGPS_NMEA
2021-08-07 13:56:00,276 — MyChronoGPS_NMEA — __init__ — INFO — 381 — 1995983568 — TrackerControl init complete
2021-08-07 13:56:00,277 — MyChronoGPS_NMEA — __init__ — INFO — 124 — 1995983568 — GpsTrackerMode=1
2021-08-07 13:56:00,278 — MyChronoGPS_NMEA — __init__ — INFO — 133 — 1995983568 — track_mode=1
2021-08-07 13:56:00,279 — MyChronoGPS_NMEA — __init__ — INFO — 141 — 1995983568 — precision=100000.0
2021-08-07 13:56:00,280 — MyChronoGPS_NMEA — __init__ — INFO — 146 — 1995983568 — NmeaControl init complete
2021-08-07 13:56:00,531 — MyChronoGPS_NMEA — start — INFO — 388 — 1984820320 — tracker file open
2021-08-07 13:56:49,960 — MyChronoGPS_NMEA — read — INFO — 357 — 1974465632 — try to read GPSDATA fifo
2021-08-07 13:56:49,962 — MyChronoGPS_NMEA — remove_fifo — INFO — 160 — 1984820320 — fifo GPSDATA is beeing removed
2021-08-07 14:05:28,104 — MyChronoGPS_NMEA — <module> — INFO — 70 — 1995684560 — start of MyChronoGPS_NMEA
2021-08-07 14:05:28,109 — MyChronoGPS_NMEA — __init__ — INFO — 381 — 1995684560 — TrackerControl init complete
2021-08-07 14:05:28,110 — MyChronoGPS_NMEA — __init__ — INFO — 124 — 1995684560 — GpsTrackerMode=1
2021-08-07 14:05:28,110 — MyChronoGPS_NMEA — __init__ — INFO — 133 — 1995684560 — track_mode=1
2021-08-07 14:05:28,111 — MyChronoGPS_NMEA — __init__ — INFO — 141 — 1995684560 — precision=100000.0
2021-08-07 14:05:28,111 — MyChronoGPS_NMEA — __init__ — INFO — 146 — 1995684560 — NmeaControl init complete
2021-08-07 14:05:28,169 — MyChronoGPS_NMEA — start — INFO — 388 — 1984521312 — tracker file open
2021-08-07 14:09:58,137 — MyChronoGPS_NMEA — read — INFO — 357 — 1974465632 — try to read GPSDATA fifo
2021-08-07 14:09:58,222 — MyChronoGPS_NMEA — remove_fifo — INFO — 160 — 1984521312 — fifo GPSDATA is beeing removed
2021-08-07 14:11:20,474 — MyChronoGPS_NMEA — <module> — INFO — 70 — 1995905744 — start of MyChronoGPS_NMEA
2021-08-07 14:11:20,478 — MyChronoGPS_NMEA — __init__ — INFO — 381 — 1995905744 — TrackerControl init complete
2021-08-07 14:11:20,479 — MyChronoGPS_NMEA — __init__ — INFO — 124 — 1995905744 — GpsTrackerMode=1
2021-08-07 14:11:20,479 — MyChronoGPS_NMEA — __init__ — INFO — 133 — 1995905744 — track_mode=1
2021-08-07 14:11:20,479 — MyChronoGPS_NMEA — __init__ — INFO — 141 — 1995905744 — precision=100000.0
2021-08-07 14:11:20,480 — MyChronoGPS_NMEA — __init__ — INFO — 146 — 1995905744 — NmeaControl init complete
2021-08-07 14:11:21,036 — MyChronoGPS_NMEA — start — INFO — 388 — 1984742496 — tracker file open
2021-08-07 14:12:31,812 — MyChronoGPS_NMEA — read — INFO — 357 — 1974465632 — try to read GPSDATA fifo
2021-08-07 14:12:31,812 — MyChronoGPS_NMEA — remove_fifo — INFO — 160 — 1984742496 — fifo GPSDATA is beeing removed
2021-08-07 14:16:10,255 — MyChronoGPS_NMEA — <module> — INFO — 70 — 1996085968 — start of MyChronoGPS_NMEA
2021-08-07 14:16:10,259 — MyChronoGPS_NMEA — __init__ — INFO — 381 — 1996085968 — TrackerControl init complete
2021-08-07 14:16:10,260 — MyChronoGPS_NMEA — __init__ — INFO — 124 — 1996085968 — GpsTrackerMode=1
2021-08-07 14:16:10,260 — MyChronoGPS_NMEA — __init__ — INFO — 133 — 1996085968 — track_mode=1
2021-08-07 14:16:10,260 — MyChronoGPS_NMEA — __init__ — INFO — 141 — 1996085968 — precision=100000.0
2021-08-07 14:16:10,261 — MyChronoGPS_NMEA — __init__ — INFO — 146 — 1996085968 — NmeaControl init complete
2021-08-07 14:16:10,362 — MyChronoGPS_NMEA — start — INFO — 388 — 1984922720 — tracker file open
2021-08-07 14:16:53,147 — MyChronoGPS_NMEA — read — INFO — 357 — 1974465632 — try to read GPSDATA fifo
2021-08-07 14:16:53,148 — MyChronoGPS_NMEA — remove_fifo — INFO — 160 — 1984922720 — fifo GPSDATA is beeing removed
2021-08-07 14:17:41,350 — MyChronoGPS_NMEA — <module> — INFO — 70 — 1996040912 — start of MyChronoGPS_NMEA
2021-08-07 14:17:41,353 — MyChronoGPS_NMEA — __init__ — INFO — 381 — 1996040912 — TrackerControl init complete
2021-08-07 14:17:41,354 — MyChronoGPS_NMEA — __init__ — INFO — 124 — 1996040912 — GpsTrackerMode=1
2021-08-07 14:17:41,354 — MyChronoGPS_NMEA — __init__ — INFO — 133 — 1996040912 — track_mode=1
2021-08-07 14:17:41,354 — MyChronoGPS_NMEA — __init__ — INFO — 141 — 1996040912 — precision=100000.0
2021-08-07 14:17:41,355 — MyChronoGPS_NMEA — __init__ — INFO — 146 — 1996040912 — NmeaControl init complete
2021-08-07 14:17:41,445 — MyChronoGPS_NMEA — start — INFO — 388 — 1984877664 — tracker file open
2021-08-07 14:18:49,091 — MyChronoGPS_NMEA — read — INFO — 357 — 1974465632 — try to read GPSDATA fifo
2021-08-07 14:18:49,092 — MyChronoGPS_NMEA — remove_fifo — INFO — 160 — 1984877664 — fifo GPSDATA is beeing removed
2021-08-07 14:20:18,865 — MyChronoGPS_NMEA — <module> — INFO — 70 — 1996282576 — start of MyChronoGPS_NMEA
2021-08-07 14:20:18,869 — MyChronoGPS_NMEA — __init__ — INFO — 381 — 1996282576 — TrackerControl init complete
2021-08-07 14:20:18,869 — MyChronoGPS_NMEA — __init__ — INFO — 124 — 1996282576 — GpsTrackerMode=1
2021-08-07 14:20:18,870 — MyChronoGPS_NMEA — __init__ — INFO — 133 — 1996282576 — track_mode=1
2021-08-07 14:20:18,870 — MyChronoGPS_NMEA — __init__ — INFO — 141 — 1996282576 — precision=100000.0
2021-08-07 14:20:18,870 — MyChronoGPS_NMEA — __init__ — INFO — 146 — 1996282576 — NmeaControl init complete
2021-08-07 14:20:19,038 — MyChronoGPS_NMEA — start — INFO — 388 — 1985119328 — tracker file open
2021-08-07 14:21:34,404 — MyChronoGPS_NMEA — read — INFO — 357 — 1975252064 — try to read GPSDATA fifo
2021-08-07 14:21:34,405 — MyChronoGPS_NMEA — remove_fifo — INFO — 160 — 1985119328 — fifo GPSDATA is beeing removed
2021-08-07 14:23:16,123 — MyChronoGPS_NMEA — <module> — INFO — 70 — 1995733712 — start of MyChronoGPS_NMEA
2021-08-07 14:23:16,130 — MyChronoGPS_NMEA — __init__ — INFO — 381 — 1995733712 — TrackerControl init complete
2021-08-07 14:23:16,131 — MyChronoGPS_NMEA — __init__ — INFO — 124 — 1995733712 — GpsTrackerMode=1
2021-08-07 14:23:16,131 — MyChronoGPS_NMEA — __init__ — INFO — 133 — 1995733712 — track_mode=1
2021-08-07 14:23:16,132 — MyChronoGPS_NMEA — __init__ — INFO — 141 — 1995733712 — precision=100000.0
2021-08-07 14:23:16,133 — MyChronoGPS_NMEA — __init__ — INFO — 146 — 1995733712 — NmeaControl init complete
2021-08-07 14:23:16,978 — MyChronoGPS_NMEA — start — INFO — 388 — 1984570464 — tracker file open
2021-08-07 14:36:17,491 — MyChronoGPS_NMEA — read — INFO — 357 — 1974465632 — try to read GPSDATA fifo
2021-08-07 14:36:17,493 — MyChronoGPS_NMEA — remove_fifo — INFO — 160 — 1984570464 — fifo GPSDATA is beeing removed
